File: 00550000.mem
MD5:  ba25610b5e4453ec23349667949da046
Size: 98304

Ascii Strings:
---------------------------------------------------------------------------
!This program cannot be run in DOS mode.
GWk/.^j
GWk/.
GWk/.Uj
GWkRich
.text
`.rdata
@.data
.rsrc
@.reloc
Qh8.V
Ph@.V
5PIV
=LIV
%@IV
-<IV
5PIV
=LIV
%@IV
-<IV
t h 
Y_^[
Y_^[
9=|KV
uHSW
t5SW
Y_^[
j Y+
h 2V
Y_^[
h@-U
Y__^[
Genu
5ineI
5ntel
t#=`
H^[_
^[_3
8_^]
8csm
t/h0
^_[3
URPQQh@2U
L$,3
UVWS
[_^]
SVWj
_^[]
= @V
5 @V
5 @V
BVj(j
5 @V
5 @V
ht3U
5DLV
j Y+
QSVW
Wu5j
SVWUj
]_^[
h!8U
;t$,v-
UQPXY]Y[
oF f
oF f
oF f
oV f
o^0f
of@f
onPf
ov`f
o~pf
FGIu
FGIu
h@2V
8csm
Y_^[
oF f
oF f
oF f
oV f
o^0f
of@f
onPf
ov`f
o~pf
FGIu
FGIu
5H@V
h`2V
35pLV
Y_^[
QSVW
wGt>
Y_^[
=|LV
YYhP
Y_^[
t#Vh
QWWP
A98u
< t3<
=t7j
PPPPP
Y_^]
hVQU
hqQU
Y_^[
5@RV
5DRV
5@RV
5DRV
>_^]
=<RV
f;1u
f9<H}
Y_^[
h@3V
Y_^[
h`3V
Y_^[
h 3V
Y_^[
FLY;
=H@V
t!VP
5D@V
5D@V
5D@V
5D@V
tehd
5D@V
5D@V
5D@V
5D@V
5D@V
5D@V
hEYU
Y_^[
PPPPP
QSVW
Wu5j
^_[]
SSSSj
u7SS
_^[]
*?QP
PSSQ
SSSSS
WWWWW
<:u 
SSSQ
zSSSSj
u7SS
_[^]
Y_^[
_^[]
IH;A
SVWh 
9wLt
;3t'
Y_^[
X_^]
w(te
*t`=+
vR=1
tK=3
w'tN
#E$P
#E P
_^[]
f9:t!V
f9:u
QSVW
SVWW
WSVPP
SVW3
Y_^[
_^[]
h 4V
35,RV
Y_^[
Y_^[
354RV
h@4V
Y_^[
j,h`4V
5<RV
Y_^[
~1WPQ
=<RV
58RV
=<RV
5<RV
%<RV
u!hHRV
~);^
FVWj
%HRV
%LRV
9E WW
t1RWV
Y_^[
YY^]
Y_^[
_^[]
SVW3
_^[]
v#WP
PPPPPPPP
9E(j
PPPPPWS
QQQP
PP9E u:PPVWP
QQSVj8j@
Y_[^]
Y_^[
xg;5 RV
_^[]
Y_^[
xE;5 RV
?SVk
;5 RV
Y_^[
D:( t
;58RV
Y_^[
_^[]
h 5V
Y_^[
<$tL
=hRV
=hRV
|%=2
5@HV
5@HV
h@5V
Y_^[
xE;5 RV
=lRV
5|RV
etPj
QQSV
YY^[
-$ V
_^[]
h`5V
h@-U
Y_^[
Y_^[
N+D$
WVS3
WVU3
N+D$
<$Xf
45w`
55wP-6w
95w O6w 
 5wP
/5w@
A5w@
25wp25w
!5w0
35w@
85w`55w@15w`U^w
__based(
__cdecl
__pascal
__stdcall
__thiscall
__fastcall
__vectorcall
__clrcall
__eabi
__swift_1
__swift_2
__ptr64
__restrict
__unaligned
restrict(
 new
 delete
operator
`vftable'
`vbtable'
`vcall'
`typeof'
`local static guard'
`string'
`vbase destructor'
`vector deleting destructor'
`default constructor closure'
`scalar deleting destructor'
`vector constructor iterator'
`vector destructor iterator'
`vector vbase constructor iterator'
`virtual displacement map'
`eh vector constructor iterator'
`eh vector destructor iterator'
`eh vector vbase constructor iterator'
`copy constructor closure'
`udt returning'
`RTTI
`local vftable'
`local vftable constructor closure'
 new[]
 delete[]
`omni callsig'
`placement delete closure'
`placement delete[] closure'
`managed vector constructor iterator'
`managed vector destructor iterator'
`eh vector copy constructor iterator'
`eh vector vbase copy constructor iterator'
`dynamic initializer for '
`dynamic atexit destructor for '
`vector copy constructor iterator'
`vector vbase copy constructor iterator'
`managed vector copy constructor iterator'
`local static thread guard'
operator "" 
operator co_await
 Type Descriptor'
 Base Class Descriptor at (
 Base Class Array'
 Class Hierarchy Descriptor'
 Complete Object Locator'
FlsAlloc
FlsFree
FlsGetValue
FlsSetValue
InitializeCriticalSectionEx
CorExitProcess
 !"#$%&'()*+,-./0123456789:;<=>?@abcdefghijklmnopqrstuvwxyz[\]^_`abcdefghijklmnopqrstuvwxyz{|}~
 !"#$%&'()*+,-./0123456789:;<=>?@ABCDEFGHIJKLMNOPQRSTUVWXYZ[\]^_`ABCDEFGHIJKLMNOPQRSTUVWXYZ{|}~
Sunday
Monday
Tuesday
Wednesday
Thursday
Friday
Saturday
January
February
March
April
June
July
August
September
October
November
December
MM/dd/yy
dddd, MMMM dd, yyyy
HH:mm:ss
AreFileApisANSI
GetSystemTimePreciseAsFileTime
LCMapStringEx
LocaleNameToLCID
AppPolicyGetProcessTerminationMethod
log10
lzZ?
log10
asin
acos
sqrt
?5Wg4p
Nv$^
BC .=
(lX 
#{ =
`~R=
}s"=
%S#[k
"B <1=
\-!y
#.X'=
i9+=
sinh
cosh
tanh
atan
atan2
ceil
floor
fabs
modf
ldexp
_cabs
_hypot
fmod
frexp
_logb
_nextafter
ABCDEFGHIJKLMNOPQRSTUVWXYZabcdefghijklmnopqrstuvwxyz0123456789+/
 n;^
Qkkbal
i]Wb
9a&g
MGiI
wn>Jj
#.zf
+o*7
-ASCI
Noob~
GCTL
.text$mn
.idata$5
.00cfg
.CRT$XCA
.CRT$XCZ
.CRT$XIA
.CRT$XIC
.CRT$XIZ
.CRT$XPA
.CRT$XPX
.CRT$XPXA
.CRT$XPZ
.CRT$XTA
.CRT$XTZ
.rdata
.rdata$sxdata
.rdata$zzzdbg
.rtc$IAA
.rtc$IZZ
.rtc$TAA
.rtc$TZZ
.xdata$x
.idata$2
.idata$3
.idata$4
.idata$6
.data
.bss
.rsrc$01
.rsrc$02
ReadFile
HeapFree
WriteFile
CreateNamedPipeW
DisconnectNamedPipe
GetLastError
CloseHandle
CreateThread
HeapAlloc
GetProcessHeap
ConnectNamedPipe
FlushFileBuffers
KERNEL32.dll
UnhandledExceptionFilter
SetUnhandledExceptionFilter
GetCurrentProcess
TerminateProcess
IsProcessorFeaturePresent
QueryPerformanceCounter
GetCurrentProcessId
GetCurrentThreadId
GetSystemTimeAsFileTime
InitializeSListHead
IsDebuggerPresent
GetStartupInfoW
GetModuleHandleW
InterlockedFlushSList
RaiseException
RtlUnwind
SetLastError
EnterCriticalSection
LeaveCriticalSection
DeleteCriticalSection
InitializeCriticalSectionAndSpinCount
TlsAlloc
TlsGetValue
TlsSetValue
TlsFree
FreeLibrary
GetProcAddress
LoadLibraryExW
ExitProcess
GetModuleHandleExW
GetModuleFileNameW
HeapReAlloc
LCMapStringW
FindClose
FindFirstFileExW
FindNextFileW
IsValidCodePage
GetACP
GetOEMCP
GetCPInfo
GetCommandLineA
GetCommandLineW
MultiByteToWideChar
WideCharToMultiByte
GetEnvironmentStringsW
FreeEnvironmentStringsW
GetStdHandle
GetFileType
GetStringTypeW
HeapSize
SetStdHandle
GetConsoleCP
GetConsoleMode
SetFilePointerEx
CreateFileW
WriteConsoleW
DecodePointer
                          
abcdefghijklmnopqrstuvwxyz
ABCDEFGHIJKLMNOPQRSTUVWXYZ
                          
                        
        
abcdefghijklmnopqrstuvwxyz
ABCDEFGHIJKLMNOPQRSTUVWXYZ
8!+G
C:\Users\WDAGUtilityAccount\Desktop\namep.exe
8!+?
<?xml version='1.0' encoding='UTF-8' standalone='yes'?>
<assembly xmlns='urn:schemas-microsoft-com:asm.v1' manifestVersion='1.0'>
  <trustInfo xmlns="urn:schemas-microsoft-com:asm.v3">
    <security>
      <requestedPrivileges>
        <requestedExecutionLevel level='asInvoker' uiAccess='false' />
      </requestedPrivileges>
    </security>
  </trustInfo>
</assembly>
4#414:4C4
;";6;J;
;G<k<
=6=P=c=
>5>;>A>G>M>S>Z>a>h>o>v>}>
?:?@?F?L?R?X?_?f?m?t?{?
D0s0
1N1X1f1x1
3E3T3]3j3
5#5T5
6*6?6F6L6^6h6
8"8+808C8W8\8o8
:A:J:S:a:j:{:
= >(>:>G>i>
>U?h?
3 3K3P3
434O4Y4c4q4
5(5B5]5k5w5
6:6f6k6p6
7!7?7I7U7Z7_7
8r8~8
<K<P<T<X<\<
0%030
2$2(2,202
2V5^5e5m6
8:8R8m8x8
:&:s:
<U<]<g<p<
=&=/=
0A1b1}1
2C3X3\3d3p3
494R4W4
5~6C7
8u9P:W:
;);6;O;h;
<0<Y<n<
=6=@=Y=r=w=
=O>U>
!020=0m0
1 1*1/141D1I1N1^1c1h1
2K2T2
3'3,313L3V3f3k3p3
4&4+404K4Z4e4j4o4
4!585=5H5o5
6$6/6=6D6J6e6l6
6~748z8b;H<&=M=
@0[0e0
0;1Z1}1
2'272
5J5V5h5
6 636<6W6
83989>9C9
;.<I<
=0>H>f>q>
>C?H?M?R?d?
1]1e1}1
1D2^2c2I4c4r4
5 5-5;5I5T5j5~5
9':W:
<"<4<F<X<j<|<
=H>l>
0J1}1
5m7s7
8,8r8
949o9v9
:>:S:d:
:3;Y;q;
=4>g>
>,?]?|?
H0n0
011W1~1
4@5w5
8!9+9U9):
<$=H=S=`=r=
=W>l>u>~>
?"?0?A?Y?_?k?
S0i0
2 3J3R3o3
4 5W5t5
7V8v8
;=;h;
<4<X<
>1?P?
2(2>2T2\2
1(1,101<1@1D1`1d1p1t1x1|1
2 2$2(2,2024282<2@2D2H2L2P2T2X2\2`2d2h2l2p2t2x2|2
; ;$;(;,;4;8;<;@;D;H;L;P;\;d;l;p;t;x;|;
2 2$2(24282<2@2D2H2L2P2T2X2\2`2d2h2l2p2t2x2|2
=$=,=4=<=D=L=T=\=d=l=t=|=
>$>,>4><>D>L>T>\>d>l>t>|>
?$?,?4?<?D?L?T?\?d?l?t?|?
0$0,040<0D0L0T0\0d0l0t0|0
1$1,141<1D1L1T1\1d1l1t1|1
2$2,242<2D2L2T2\2d2l2t2|2
3$3,343<3D3L3T3\3d3l3t3|3
4$4,4448>@>H>P>X>`>h>p>x>
? ?(?0?8?@?H?P?X?`?h?p?x?
0 0(00080@0H0P0X0`0h0p0x0
1 1(10181@1H1P1X1`1h1p1x1
2 2(20282@2H2P2X2`2h2p2x2
3 3(30383@3H3P3X3`3h3p3x3
4 4(40484@4H4P4X4`4h4p4x4
5 5(50585@5H5P5J?N?R?V?
\8d8l8t8|8
9$9,949<9
24282T2X2x2
383X3x3
484X4x4
585X5t5x5
H0x0
7 7$7(7,70747

Unicode Strings:
---------------------------------------------------------------------------
Vjjh
Uapi-ms-win-core-fibers-l1-1-1
api-ms-win-core-synch-l1-2-0
kernel32
api-ms-
ext-ms-
mscoree.dll
         (((((                  H
Sunday
Monday
Tuesday
Wednesday
Thursday
Friday
Saturday
January
February
March
April
June
July
August
September
October
November
December
MM/dd/yy
dddd, MMMM dd, yyyy
HH:mm:ss
en-US
Uapi-ms-win-core-datetime-l1-1-1
api-ms-win-core-file-l1-2-2
api-ms-win-core-localization-l1-2-1
api-ms-win-core-localization-obsolete-l1-2-0
api-ms-win-core-processthreads-l1-1-2
api-ms-win-core-string-l1-1-0
api-ms-win-core-sysinfo-l1-2-1
api-ms-win-core-winrt-l1-1-0
api-ms-win-core-xstate-l2-1-0
api-ms-win-rtcore-ntuser-window-l1-1-0
api-ms-win-security-systemfunctions-l1-1-0
ext-ms-win-ntuser-dialogbox-l1-1-0
ext-ms-win-ntuser-windowstation-l1-1-0
advapi32
ntdll
api-ms-win-appmodel-runtime-l1-1-2
user32
Uja-JP
zh-CN
ko-KR
zh-TW
zh-CHS
ar-SA
bg-BG
ca-ES
cs-CZ
da-DK
de-DE
el-GR
fi-FI
fr-FR
he-IL
hu-HU
is-IS
it-IT
nl-NL
nb-NO
pl-PL
pt-BR
ro-RO
ru-RU
hr-HR
sk-SK
sq-AL
sv-SE
th-TH
tr-TR
ur-PK
id-ID
uk-UA
be-BY
sl-SI
et-EE
lv-LV
lt-LT
fa-IR
vi-VN
hy-AM
az-AZ-Latn
eu-ES
mk-MK
tn-ZA
xh-ZA
zu-ZA
af-ZA
ka-GE
fo-FO
hi-IN
mt-MT
se-NO
ms-MY
kk-KZ
ky-KG
sw-KE
uz-UZ-Latn
tt-RU
bn-IN
pa-IN
gu-IN
ta-IN
te-IN
kn-IN
ml-IN
mr-IN
sa-IN
mn-MN
cy-GB
gl-ES
kok-IN
syr-SY
div-MV
quz-BO
ns-ZA
mi-NZ
ar-IQ
de-CH
en-GB
es-MX
fr-BE
it-CH
nl-BE
nn-NO
pt-PT
sr-SP-Latn
sv-FI
az-AZ-Cyrl
se-SE
ms-BN
uz-UZ-Cyrl
quz-EC
ar-EG
zh-HK
de-AT
en-AU
es-ES
fr-CA
sr-SP-Cyrl
se-FI
quz-PE
ar-LY
zh-SG
de-LU
en-CA
es-GT
fr-CH
hr-BA
smj-NO
ar-DZ
zh-MO
de-LI
en-NZ
es-CR
fr-LU
bs-BA-Latn
smj-SE
ar-MA
en-IE
es-PA
fr-MC
sr-BA-Latn
sma-NO
ar-TN
en-ZA
es-DO
sr-BA-Cyrl
sma-SE
ar-OM
en-JM
es-VE
sms-FI
ar-YE
en-CB
es-CO
smn-FI
ar-SY
en-BZ
es-PE
ar-JO
en-TT
es-AR
ar-LB
en-ZW
es-EC
ar-KW
en-PH
es-CL
ar-AE
es-UY
ar-BH
es-PY
ar-QA
es-BO
es-SV
es-HN
es-NI
es-PR
zh-CHT
af-za
ar-ae
ar-bh
ar-dz
ar-eg
ar-iq
ar-jo
ar-kw
ar-lb
ar-ly
ar-ma
ar-om
ar-qa
ar-sa
ar-sy
ar-tn
ar-ye
az-az-cyrl
az-az-latn
be-by
bg-bg
bn-in
bs-ba-latn
ca-es
cs-cz
cy-gb
da-dk
de-at
de-ch
de-de
de-li
de-lu
div-mv
el-gr
en-au
en-bz
en-ca
en-cb
en-gb
en-ie
en-jm
en-nz
en-ph
en-tt
en-us
en-za
en-zw
es-ar
es-bo
es-cl
es-co
es-cr
es-do
es-ec
es-es
es-gt
es-hn
es-mx
es-ni
es-pa
es-pe
es-pr
es-py
es-sv
es-uy
es-ve
et-ee
eu-es
fa-ir
fi-fi
fo-fo
fr-be
fr-ca
fr-ch
fr-fr
fr-lu
fr-mc
gl-es
gu-in
he-il
hi-i
hr-ba
hr-hr
hu-hu
hy-am
id-id
is-is
it-ch
it-it
ja-jp
ka-ge
kk-kz
kn-in
kok-in
ko-kr
ky-kg
lt-lt
lv-lv
mi-nz
mk-mk
ml-in
mn-mn
mr-in
ms-bn
ms-my
mt-mt
nb-no
nl-be
nl-nl
nn-no
ns-za
pa-in
pl-pl
pt-br
pt-pt
quz-bo
quz-ec
quz-pe
ro-ro
ru-ru
sa-in
se-fi
se-no
se-se
sk-sk
sl-si
sma-no
sma-se
smj-no
smj-se
smn-fi
sms-fi
sq-al
sr-ba-cyrl
sr-ba-latn
sr-sp-cyrl
sr-sp-latn
sv-fi
sv-se
sw-ke
syr-sy
ta-in
te-in
th-th
tn-za
tr-tr
tt-ru
uk-ua
ur-pk
uz-uz-cyrl
uz-uz-latn
vi-vn
xh-za
zh-chs
zh-cht
zh-cn
zh-hk
zh-mo
zh-sg
zh-tw
zu-za
CONOUT$
\\.\pipe\myprotocol
